This is pdfTeX, Version 3.141592653-2.6-1.40.22 (TeX Live 2022/dev/Debian) (preloaded format=pdflatex 2024.3.14)  12 JUN 2024 13:06
entering extended mode
 restricted \write18 enabled.
 file:line:error style messages enabled.
 %&-line parsing enabled.
**Hamilton2024.tex
(./Hamilton2024.tex
LaTeX2e <2021-11-15> patch level 1
L3 programming layer <2022-01-21>
(/home/brynn/.config/texmf/tex/latex/AGU2019/agujournal2019.cls
Document Class: agujournal2019 01/14/2019
(/usr/share/texlive/texmf-dist/tex/latex/graphics/graphicx.sty
Package: graphicx 2021/09/16 v1.2d Enhanced LaTeX Graphics (DPC,SPQR)

(/usr/share/texlive/texmf-dist/tex/latex/graphics/keyval.sty
Package: keyval 2014/10/28 v1.15 key=value parser (DPC)
\KV@toks@=\toks16
)
(/usr/share/texlive/texmf-dist/tex/latex/graphics/graphics.sty
Package: graphics 2021/03/04 v1.4d Standard LaTeX Graphics (DPC,SPQR)

(/usr/share/texlive/texmf-dist/tex/latex/graphics/trig.sty
Package: trig 2021/08/11 v1.11 sin cos tan (DPC)
)
(/usr/share/texlive/texmf-dist/tex/latex/graphics-cfg/graphics.cfg
File: graphics.cfg 2016/06/04 v1.11 sample graphics configuration
)
Package graphics Info: Driver file: pdftex.def on input line 107.

(/usr/share/texlive/texmf-dist/tex/latex/graphics-def/pdftex.def
File: pdftex.def 2020/10/05 v1.2a Graphics/color driver for pdftex
))
\Gin@req@height=\dimen138
\Gin@req@width=\dimen139
)
(/usr/share/texlive/texmf-dist/tex/latex/xcolor/xcolor.sty
Package: xcolor 2021/10/31 v2.13 LaTeX color extensions (UK)

(/usr/share/texlive/texmf-dist/tex/latex/graphics-cfg/color.cfg
File: color.cfg 2016/01/02 v1.6 sample color configuration
)
Package xcolor Info: Driver file: pdftex.def on input line 227.
Package xcolor Info: Model `cmy' substituted by `cmy0' on input line 1352.
Package xcolor Info: Model `hsb' substituted by `rgb' on input line 1356.
Package xcolor Info: Model `RGB' extended on input line 1368.
Package xcolor Info: Model `HTML' substituted by `rgb' on input line 1370.
Package xcolor Info: Model `Hsb' substituted by `hsb' on input line 1371.
Package xcolor Info: Model `tHsb' substituted by `hsb' on input line 1372.
Package xcolor Info: Model `HSB' substituted by `hsb' on input line 1373.
Package xcolor Info: Model `Gray' substituted by `gray' on input line 1374.
Package xcolor Info: Model `wave' substituted by `hsb' on input line 1375.
)
(/usr/share/texlive/texmf-dist/tex/latex/url/url.sty
\Urlmuskip=\muskip16
Package: url 2013/09/16  ver 3.4  Verb mode for urls, etc.
)
(/usr/share/texlive/texmf-dist/tex/latex/lineno/lineno.sty
Package: lineno 2005/11/02 line numbers on paragraphs v4.41
\linenopenalty=\count185
\output=\toks17
\linenoprevgraf=\count186
\linenumbersep=\dimen140
\linenumberwidth=\dimen141
\c@linenumber=\count187
\c@pagewiselinenumber=\count188
\c@LN@truepage=\count189
\c@internallinenumber=\count190
\c@internallinenumbers=\count191
\quotelinenumbersep=\dimen142
\bframerule=\dimen143
\bframesep=\dimen144
\bframebox=\box50
LaTeX Info: Redefining \\ on input line 3056.
)
(/usr/share/texlive/texmf-dist/tex/latex/tools/indentfirst.sty
Package: indentfirst 1995/11/23 v1.03 Indent first paragraph (DPC)
)
(/usr/share/texlive/texmf-dist/tex/latex/ragged2e/ragged2e.sty
Package: ragged2e 2021/12/15 v3.1 ragged2e Package
\CenteringLeftskip=\skip47
\RaggedLeftLeftskip=\skip48
\RaggedRightLeftskip=\skip49
\CenteringRightskip=\skip50
\RaggedLeftRightskip=\skip51
\RaggedRightRightskip=\skip52
\CenteringParfillskip=\skip53
\RaggedLeftParfillskip=\skip54
\RaggedRightParfillskip=\skip55
\JustifyingParfillskip=\skip56
\CenteringParindent=\skip57
\RaggedLeftParindent=\skip58
\RaggedRightParindent=\skip59
\JustifyingParindent=\skip60
)
(/usr/share/texlive/texmf-dist/tex/latex/graphics/rotating.sty
Package: rotating 2016/08/11 v2.16d rotated objects in LaTeX

(/usr/share/texlive/texmf-dist/tex/latex/base/ifthen.sty
Package: ifthen 2020/11/24 v1.1c Standard LaTeX ifthen package (DPC)
)
\c@r@tfl@t=\count192
\rotFPtop=\skip61
\rotFPbot=\skip62
\rot@float@box=\box51
\rot@mess@toks=\toks18
)
\draftskip=\count193
\c@section=\count194
\c@subsection=\count195
\c@subsubsection=\count196
\c@paragraph=\count197
\c@subparagraph=\count198
\c@figure=\count199
\c@table=\count266
\abovecaptionskip=\skip63
\belowcaptionskip=\skip64
\c@appendnum=\count267
\bibindent=\dimen145

(/usr/share/texlive/texmf-dist/tex/latex/apacite/apacite.sty
Package: apacite 2013/07/21 v6.03 APA citation
\c@BibCnt=\count268
\bibleftmargin=\skip65
\bibindent=\skip66
\bibparsep=\skip67
\bibitemsep=\skip68
\biblabelsep=\skip69
))
(/home/brynn/.config/texmf/tex/latex/AGU2019/trackchanges.sty
Package: trackchanges 2009/04/22 v0.7.0 TrackChanges file 

(/usr/share/texlive/texmf-dist/tex/latex/tools/calc.sty
Package: calc 2017/05/25 v4.3 Infix arithmetic (KKT,FJ)
\calc@Acount=\count269
\calc@Bcount=\count270
\calc@Adimen=\dimen146
\calc@Bdimen=\dimen147
\calc@Askip=\skip70
\calc@Bskip=\skip71
LaTeX Info: Redefining \setlength on input line 80.
LaTeX Info: Redefining \addtolength on input line 81.
\calc@Ccount=\count271
\calc@Cskip=\skip72
)
(/home/brynn/.config/texmf/tex/latex/tellus/tellus2/soul.sty
Package: soul 2003/11/17 v2.4 letterspacing/underlining (mf)
\SOUL@word=\toks19
\SOUL@lasttoken=\toks20
\SOUL@cmds=\toks21
\SOUL@buffer=\toks22
\SOUL@token=\toks23
\SOUL@spaceskip=\skip73
\SOUL@ttwidth=\dimen148
\SOUL@uldp=\dimen149
\SOUL@ulht=\dimen150
)
(/home/brynn/.config/texmf/tex/morefloats.sty
Package: morefloats 2015/07/22 v1.0h Raise limit of unprocessed floats (HMM)

(/usr/share/texlive/texmf-dist/tex/latex/kvoptions/kvoptions.sty
Package: kvoptions 2020-10-07 v3.14 Key value format for package options (HO)

(/usr/share/texlive/texmf-dist/tex/generic/ltxcmds/ltxcmds.sty
Package: ltxcmds 2020-05-10 v1.25 LaTeX kernel commands for general use (HO)
)
(/usr/share/texlive/texmf-dist/tex/generic/kvsetkeys/kvsetkeys.sty
Package: kvsetkeys 2019/12/15 v1.18 Key value parser (HO)
))
Package morefloats Info: Maximum number of possible floats asked for: 36
(morefloats)             (i.e. 18 more floats).
(morefloats)             LaTeX might run out of memory before this
(morefloats)             (in which case it will notify you).
)
\c@userid=\count272
\c@changenumber=\count273
\c@storefootnote=\count274
\c@numeditors=\count275
\c@maxeditors=\count276
)
(/usr/share/texlive/texmf-dist/tex/latex/wasysym/wasysym.sty
Package: wasysym 2020/01/19 v2.4 Wasy-2 symbol support package
\symwasy=\mathgroup4
LaTeX Font Info:    Overwriting symbol font `wasy' in version `bold'
(Font)                  U/wasy/m/n --> U/wasy/b/n on input line 93.
)
(/usr/share/texlive/texmf-dist/tex/latex/l3backend/l3backend-pdftex.def
File: l3backend-pdftex.def 2022-01-12 L3 backend support: PDF output (pdfTeX)
\l__color_backend_stack_int=\count277
\l__pdf_internal_box=\box52
)
(./Hamilton2024.aux)
\openout1 = `Hamilton2024.aux'.

LaTeX Font Info:    Checking defaults for OML/cmm/m/it on input line 66.
LaTeX Font Info:    ... okay on input line 66.
LaTeX Font Info:    Checking defaults for OMS/cmsy/m/n on input line 66.
LaTeX Font Info:    ... okay on input line 66.
LaTeX Font Info:    Checking defaults for OT1/cmr/m/n on input line 66.
LaTeX Font Info:    ... okay on input line 66.
LaTeX Font Info:    Checking defaults for T1/cmr/m/n on input line 66.
LaTeX Font Info:    ... okay on input line 66.
LaTeX Font Info:    Checking defaults for TS1/cmr/m/n on input line 66.
LaTeX Font Info:    ... okay on input line 66.
LaTeX Font Info:    Checking defaults for OMX/cmex/m/n on input line 66.
LaTeX Font Info:    ... okay on input line 66.
LaTeX Font Info:    Checking defaults for U/cmr/m/n on input line 66.
LaTeX Font Info:    ... okay on input line 66.

(/usr/share/texlive/texmf-dist/tex/context/base/mkii/supp-pdf.mkii
[Loading MPS to PDF converter (version 2006.09.02).]
\scratchcounter=\count278
\scratchdimen=\dimen151
\scratchbox=\box53
\nofMPsegments=\count279
\nofMParguments=\count280
\everyMPshowfont=\toks24
\MPscratchCnt=\count281
\MPscratchDim=\dimen152
\MPnumerator=\count282
\makeMPintoPDFobject=\count283
\everyMPtoPDFconversion=\toks25
) (/usr/share/texlive/texmf-dist/tex/latex/epstopdf-pkg/epstopdf-base.sty
Package: epstopdf-base 2020-01-24 v2.11 Base part for package epstopdf
Package epstopdf-base Info: Redefining graphics rule for `.eps' on input line 4
85.

(/usr/share/texlive/texmf-dist/tex/latex/latexconfig/epstopdf-sys.cfg
File: epstopdf-sys.cfg 2010/07/13 v1.3 Configuration of (r)epstopdf for TeX Liv
e
))
\c@maskedRefs=\count284

(/usr/share/texlive/texmf-dist/tex/latex/apacite/english.apc
File: english.apc 2013/07/21 v6.03 apacite language file
LaTeX Info: Redefining \BPBI on input line 129.
LaTeX Info: Redefining \BHBI on input line 130.
)
LaTeX Font Info:    External font `cmex10' loaded for size
(Font)              <8> on input line 109.
LaTeX Font Info:    External font `cmex10' loaded for size
(Font)              <6> on input line 109.
LaTeX Font Info:    External font `cmex10' loaded for size
(Font)              <5> on input line 109.
LaTeX Font Info:    Trying to load font information for U+wasy on input line 10
9.

(/usr/share/texlive/texmf-dist/tex/latex/wasysym/uwasy.fd
File: uwasy.fd 2020/01/19 v2.4 Wasy-2 symbol font definitions
)
LaTeX Font Info:    External font `cmex10' loaded for size
(Font)              <7> on input line 140.

Overfull \hbox (2.04341pt too wide) in paragraph at lines 141--142
[]\OT1/cmr/m/n/10 We present an in-ver-sion method that in-cor-po-rates age mod
el un-cer-tainty to in- 
 []


Overfull \hbox (0.57114pt too wide) in paragraph at lines 141--142
\OT1/cmr/m/n/10 fer far-field prop-er-ties from ben-thic sed-i-ment core record
s (137/140 char-ac-ters)  
 []


Overfull \hbox (22.98782pt too wide) in paragraph at lines 142--143
[]\OT1/cmr/m/n/10 The re-con-structed North At-lantic Lit-tle Ice Age is char-a
c-ter-ized by a 0.11-1.2K/kyr 
 []


Overfull \hbox (1.23782pt too wide) in paragraph at lines 143--144
[]\OT1/cmr/m/n/10 A long-term cool-ing in the Nordic Seas is re-con-structed, a
nd is found to be ap- 
 []


Overfull \hbox (16.26572pt too wide) in paragraph at lines 143--144
\OT1/cmr/m/n/10 prox-i-mately two times greater than that of the sub-po-lar gyr
e (138/140 char-ac-ters)  
 []

[1{/var/lib/texmf/fonts/map/pdftex/updmap/pdftex.map}]
Overfull \hbox (7.6268pt too wide) in paragraph at lines 167--173
\OT1/cmr/m/n/10 Paleoceanographic re-con-struc-tions of the past 2,000 years in
-di-cate a large-scale cool-ing 
 []


Overfull \hbox (6.93246pt too wide) in paragraph at lines 167--173
\OT1/cmr/m/n/10 in the lat-ter half of the last mil-len-nium, but sig-nif-i-can
t con-flict on mag-ni-tude and tim- 
 []


Overfull \hbox (15.3768pt too wide) in paragraph at lines 167--173
\OT1/cmr/m/n/10 ing ex-ist. This con-flict is par-tially due to the in-fer-ence
 of sur-face con-di-tions from sparse, 
 []


Overfull \hbox (5.37672pt too wide) in paragraph at lines 167--173
\OT1/cmr/m/n/10 noisy, near-surface ma-rine prox-ies that can ex-hibit sea-sona
l bi-ases. Here, we de-velop a 
 []


Overfull \hbox (11.34906pt too wide) in paragraph at lines 167--173
\OT1/cmr/m/n/10 novel method-ol-ogy for in-fer-ring far-field changes from ben-
thic sed-i-ment core records via 
 []


Overfull \hbox (18.37677pt too wide) in paragraph at lines 167--173
\OT1/cmr/m/n/10 an ocean cir-cu-la-tion model. Ben-thic sed-i-ment core records
 are not sub-ject to high-energy 
 []


Overfull \hbox (23.26569pt too wide) in paragraph at lines 167--173
\OT1/cmr/m/n/10 near-surface vari-abil-ity or sea-sonal bi-ases and record much
 more sta-ble sig-nals than equiv- 
 []


Overfull \hbox (17.2567pt too wide) in paragraph at lines 167--173
\OT1/cmr/m/n/10 a-lent plank-tonic records. We present a pos-si-ble sur-face te
m-per-a-ture and $\OML/cmm/m/it/10 ^^N[]\OT1/cmr/m/n/10 O[]$ his- 
 []


Overfull \hbox (1.33867pt too wide) in paragraph at lines 167--173
\OT1/cmr/m/n/10 tory that fits a dataset of 11 high-resolution ben-thic $\OML/c
mm/m/it/10 ^^N[]\OT1/cmr/m/n/10 O[]$ records. The es-ti-mate 
 []


Overfull \hbox (2.76556pt too wide) in paragraph at lines 167--173
\OT1/cmr/m/n/10 pre-sented here is within er-ror of in-stru-men-tal records, an
d is char-ac-ter-ized by a Lit-tle 
 []


Overfull \hbox (3.82124pt too wide) in paragraph at lines 167--173
\OT1/cmr/m/n/10 Ice Age sea sur-face tem-per-a-ture cool-ing of 0.67 $\OMS/cmsy
/m/n/10 ^^F$ \OT1/cmr/m/n/10 0.56 K/kyr, which is sim-i-lar to, but 
 []


Overfull \hbox (8.32133pt too wide) in paragraph at lines 167--173
\OT1/cmr/m/n/10 at the high end, of pre-vi-ous in-de-pen-dent es-ti-mates ob-ta
ined from Com-mon Era ma-rine 
 []


Overfull \hbox (17.0712pt too wide) in paragraph at lines 167--173
\OT1/cmr/m/n/10 sur-face records. Our re-con-struc-tion is char-ac-ter-ized by 
a larger mag-ni-tude millenial-scale 
 []


Overfull \hbox (12.82133pt too wide) in paragraph at lines 167--173
\OT1/cmr/m/n/10 cool-ing in the Nordic Seas (0.9 $\OMS/cmsy/m/n/10 ^^F$ \OT1/cm
r/m/n/10 2.7 K) than in the sub-po-lar gyre (0.5 $\OMS/cmsy/m/n/10 ^^F$ \OT1/cm
r/m/n/10 2.2K), in-dica- 
 []


LaTeX Font Warning: Font shape `OT1/cmr/m/n' in size <10.5> not available
(Font)              size <10.95> substituted on input line 177.


LaTeX Font Warning: Font shape `OT1/cmr/bx/n' in size <10.5> not available
(Font)              size <10.95> substituted on input line 177.


Overfull \hbox (11.04338pt too wide) in paragraph at lines 178--181
[]\OT1/cmr/m/n/10 Enter your Plain Lan-guage Sum-mary here or delete this sec-t
ion. Here are in-struc- 
 []


Overfull \hbox (130.79395pt too wide) in paragraph at lines 178--181
\OT1/cmr/m/n/10 tions on writ-ing a Plain Lan-guage Sum-mary: https://www.agu.o
rg/Share-and-Advocate/Share/Community/Plain- 
 []


Overfull \hbox (10.68228pt too wide) in paragraph at lines 191--192
[]\OT1/cmr/m/n/10 The past 2,000 years, re-ferred to as the Com-mon Era (CE), i
s a crit-i-cal pe-riod for 
 []


Overfull \hbox (5.7935pt too wide) in paragraph at lines 191--192
\OT1/cmr/m/n/10 un-der-stand-ing the re-sponse of the Earth's cli-mate to per-t
ur-ba-tions on long timescales. 
 []


Overfull \hbox (15.09901pt too wide) in paragraph at lines 191--192
\OT1/cmr/m/n/10 Cli-matic per-tur-ba-tions dur-ing the CE in-clude de-creas-ing
 so-lar ir-ra-di-ance due to the pre- 
 []


Overfull \hbox (16.07126pt too wide) in paragraph at lines 191--192
\OT1/cmr/m/n/10 ces-sion of the equinoxes and strato-spheric sul-fate in-jec-ti
on from vol-canic erup-tions. Dur- 
 []


Overfull \hbox (14.93239pt too wide) in paragraph at lines 191--192
\OT1/cmr/m/n/10 ing the lat-ter half of the last mil-len-nium, a cli-matic anom
aly re-ferred to as the Lit-tle Ice 
 []


Overfull \hbox (46.7796pt too wide) in paragraph at lines 191--192
\OT1/cmr/m/n/10 Age has been iden-ti-fied, char-ac-ter-ized by anoma-lously coo
l sea sur-face tem-per-a-tures []McGregor 
 []


Overfull \hbox (9.52956pt too wide) in paragraph at lines 191--192
\OT1/cmr/m/n/10 et al.[], 2015) as well as sur-face air tem-per-a-tures []PAGES
 2k Con-sor-tium, 2013). Un-der- 
 []


Overfull \hbox (3.68231pt too wide) in paragraph at lines 191--192
\OT1/cmr/m/n/10 stand-ing the spa-tiotem-po-ral ex-tent of the Lit-tle Ice Age 
is a crit-i-cal step in con-strain- 
 []


Overfull \hbox (29.62686pt too wide) in paragraph at lines 191--192
\OT1/cmr/m/n/10 ing the re-sponse of the cli-mate sys-tem to var-i-ous nat-u-ra
l per-tur-ba-tions on timescales longer 
 []


Overfull \hbox (6.29349pt too wide) in paragraph at lines 191--192
\OT1/cmr/m/n/10 than that of the in-stru-men-tal record. Com-monly, the Lit-tle
 Ice Age is thought to have 
 []


Overfull \hbox (5.23788pt too wide) in paragraph at lines 191--192
\OT1/cmr/m/n/10 been trig-gered by ei-ther de-creas-ing so-lar ir-ra-di-ance or
 vol-canic ac-tiv-ity, and re-in-forced 
 []


Overfull \hbox (21.15453pt too wide) in paragraph at lines 191--192
\OT1/cmr/m/n/10 via oceanic and at-mo-spheric mech-a-nisms. How-ever, the pre-c
ise re-in-force-ment mech-a-nisms 
 []


Overfull \hbox (7.12677pt too wide) in paragraph at lines 191--192
\OT1/cmr/m/n/10 have yet to be con-clu-sively iden-ti-fied due to the sparse, n
oisy, and bi-ased na-ture of pa- 
 []


LaTeX Warning: Citation `morenochamarro2017' undefined on input line 193.


Overfull \hbox (5.68219pt too wide) in paragraph at lines 193--194
[]\OT1/cmr/m/n/10 Modeling stud-ies have sug-gested that an in-crease of Arc-ti
c Ocean sea-ice as a di- 
 []


Overfull \hbox (13.5713pt too wide) in paragraph at lines 193--194
\OT1/cmr/m/n/10 rect re-sponse to decadally-paced vol-canic erup-tions be-gin-n
ing in 1257-1258CE may have 
 []


Overfull \hbox (11.43237pt too wide) in paragraph at lines 193--194
\OT1/cmr/m/n/10 lead to a fresh-en-ing of the sub-po-lar North At-lantic that w
eak-ened con-vec-tion []Zhong et 
 []


Overfull \hbox (2.29346pt too wide) in paragraph at lines 193--194
\OT1/cmr/m/n/10 al.[], 2010; Miller et al.[], 2012; Lehner et al.[], 2013; Schl
euss-ner & Feul-ner, 2013). Weak- 
 []


Overfull \hbox (6.23785pt too wide) in paragraph at lines 193--194
\OT1/cmr/m/n/10 ened con-vec-tion has been as-so-ci-ated with a slow-down of th
e At-lantic Merid-ional Over- 
 []


Overfull \hbox (3.51578pt too wide) in paragraph at lines 193--194
\OT1/cmr/m/n/10 turn-ing Cir-cu-la-tion (AMOC), al-though some mod-el-ing stud-
ies have sug-gested that an 
 []


Overfull \hbox (16.37685pt too wide) in paragraph at lines 193--194
\OT1/cmr/m/n/10 AMOC slow-down is not nec-es-sary to ex-plain the full mag-ni-t
ude of LIA cool-ing []Moreno- 
 []


Overfull \hbox (2.57132pt too wide) in paragraph at lines 193--194
\OT1/cmr/m/n/10 Chamarro et al.[], 2016). In ad-di-tion, pa-le-o-ceano-graphic 
proxy records have not iden-ti- 
 []


Overfull \hbox (3.90459pt too wide) in paragraph at lines 193--194
\OT1/cmr/m/n/10 fied large-scale cir-cu-la-tion anoma-lies in the pre-industria
l CE []Thornalley et al.[], 2018; 
 []


Overfull \hbox (19.51572pt too wide) in paragraph at lines 193--194
\OT1/cmr/m/n/10 Moffa-Sanchez et al.[], 2015; Rahm-storf et al.[], 2015). Dy-na
m-ics re-lated to a weak-ened sub- 
 []


Overfull \hbox (14.12682pt too wide) in paragraph at lines 193--194
\OT1/cmr/m/n/10 po-lar gyre []Moffa-S^^Sanchez, Born, et al.[], 2014; ?, ?) hav
e also been sug-gested to be a key 
 []


Overfull \hbox (29.73793pt too wide) in paragraph at lines 193--194
\OT1/cmr/m/n/10 re-in-force-ment mech-a-nism, and have been sup-ported through 
deep-sea coral records []Copard 
 []


Overfull \hbox (48.73811pt too wide) in paragraph at lines 193--194
\OT1/cmr/m/n/10 et al.[], 2012), bi-valve re-siliency records []Arellano-Nava e
t al.[], 2022), and plank-tonic foraminiferal 
 []


Overfull \hbox (7.93242pt too wide) in paragraph at lines 193--194
\OT1/cmr/m/n/10 records []Moffa-S^^Sanchez, Born, et al.[], 2014; Moffa-Sanchez
 & Hall, 2017; Spooner et al.[], 
 []


Overfull \hbox (9.84921pt too wide) in paragraph at lines 193--194
\OT1/cmr/m/n/10 2020), al-though ex-act tim-ing and spa-tial ex-tent of sub-po-
lar gyre vari-abil-ity still re-main 
 []


Underfull \vbox (badness 10000) has occurred while \output is active []

 [2]
Overfull \hbox (9.3491pt too wide) in paragraph at lines 197--198
[]\OT1/cmr/m/n/10 One of the pri-mary lim-i-ta-tions of our un-der-stand-ing of
 LIA dy-nam-ics comes from 
 []


Overfull \hbox (10.48796pt too wide) in paragraph at lines 197--198
\OT1/cmr/m/n/10 the point-wise na-ture of pa-le-o-ceano-graphic proxy records. 
In-fer-ring be-hav-ior of a large- 
 []


Overfull \hbox (7.07123pt too wide) in paragraph at lines 197--198
\OT1/cmr/m/n/10 scale oceano-graphic fea-ture such as the sub-po-lar gyre typ-i
-cally re-quires spa-tially dense 
 []


Overfull \hbox (4.84908pt too wide) in paragraph at lines 197--198
\OT1/cmr/m/n/10 and high tem-po-ral res-o-lu-tion mea-sure-ments, which can be 
dif-fi-cult to at-tain for paleo- 
 []


Overfull \hbox (5.65453pt too wide) in paragraph at lines 197--198
\OT1/cmr/m/n/10 timescales. Es-ti-mates of LIA SST cool-ing rates as well as ti
m-ing dif-fer amongst re-con- 
 []


Overfull \hbox (13.30745pt too wide) in paragraph at lines 197--198
\OT1/cmr/m/n/10 struc-tions, from an es-ti-mate of 0.2$[]$C/kyr from 1200-1940C
E in the north-east North At- 
 []


Overfull \hbox (4.76585pt too wide) in paragraph at lines 197--198
\OT1/cmr/m/n/10 lantic []Cunningham et al.[], 2013), to 0.54$[]$C/kyr from 800-
1900CE glob-ally []McGregor 
 []


Overfull \hbox (19.21008pt too wide) in paragraph at lines 197--198
\OT1/cmr/m/n/10 et al.[], 2015). These re-con-struc-tions all rely upon sur-fac
e records, which ex-pe-ri-ence a high 
 []


Overfull \hbox (4.46011pt too wide) in paragraph at lines 197--198
\OT1/cmr/m/n/10 de-gree of noise and sea-sonal ef-fects. When try-ing to ex-tra
ct long-term cli-mate sig-nals, 
 []


Overfull \hbox (4.40453pt too wide) in paragraph at lines 197--198
\OT1/cmr/m/n/10 ben-thic records may be a bet-ter op-tion, as they are not sub-
ject to high-frequency sur- 
 []


Overfull \hbox (11.21008pt too wide) in paragraph at lines 199--200
[]\OT1/cmr/m/n/10 In this pa-per, we de-velop an in-verse ap-proach to in-fer-r
ing far-field prop-er-ties from 
 []


Overfull \hbox (12.37683pt too wide) in paragraph at lines 199--200
\OT1/cmr/m/n/10 ben-thic proxy records through the us-age of a data-informed ci
r-cu-la-tion model. Here, we 
 []


Overfull \hbox (4.01572pt too wide) in paragraph at lines 199--200
\OT1/cmr/m/n/10 ap-ply a modern-day cir-cu-la-tion model un-der the as-sump-tio
n that there were no large- 
 []


Overfull \hbox (19.07114pt too wide) in paragraph at lines 199--200
\OT1/cmr/m/n/10 scale cir-cu-la-tion changes over the CE. Test-ing whether or n
ot si-mul-ta-ne-ous sed-i-ment core 
 []


Overfull \hbox (11.15457pt too wide) in paragraph at lines 199--200
\OT1/cmr/m/n/10 records can be well-fit un-der the as-sump-tion of steady-state
 modern-day cir-cu-la-tion has 
 []


Overfull \hbox (13.48788pt too wide) in paragraph at lines 199--200
\OT1/cmr/m/n/10 been pre-vi-ously used as a test for the ne-ces-sity of cir-cu-
la-tion change []Burke et al.[], 2011; 
 []


Overfull \hbox (6.5851pt too wide) in paragraph at lines 199--200
\OT1/cmr/m/n/10 Geb-bie, 2012; Am-rhein et al.[], 2015). The cir-cu-la-tion mod
el used here is a tran-sient in- 
 []


Overfull \hbox (11.55742pt too wide) in paragraph at lines 199--200
\OT1/cmr/m/n/10 ver-sion of modern-day tracer ob-ser-va-tions []Gebbie & Huy-be
rs, 2012) pre-vi-ously used to 
 []


Overfull \hbox (1.58513pt too wide) in paragraph at lines 199--200
\OT1/cmr/m/n/10 con-strain CE deep Pa-cific and At-lantic cool-ing []Gebbie & H
uy-bers, 2019). This prior 
 []


Overfull \hbox (1.82132pt too wide) in paragraph at lines 199--200
\OT1/cmr/m/n/10 ap-pli-ca-tion es-ti-mated a tem-per-a-ture his-tory that could
 ex-plain the ob-served warm-ing 
 []


Overfull \hbox (21.04356pt too wide) in paragraph at lines 199--200
\OT1/cmr/m/n/10 from the 1870s HMS Chal-lenger ex-pe-di-tion to mod-ern hy-drog
-ra-phy. It has also been used 
 []


Overfull \hbox (25.43582pt too wide) in paragraph at lines 199--200
\OT1/cmr/m/n/10 to ex-plain the lag be-tween At-lantic and Pa-cific warm-ing in
 deglacial $\OML/cmm/m/it/10 ^^N[]\OT1/cmr/m/n/10 O$ records []Gebbie, 
 []


Overfull \hbox (12.56076pt too wide) in paragraph at lines 199--200
\OT1/cmr/m/n/10 2012). Here, we ap-ply this model to CE ben-thic sed-i-ment cor
e $\OML/cmm/m/it/10 ^^N[]\OT1/cmr/m/n/10 O$ records for the first 
 []


Overfull \hbox (12.34001pt too wide) in paragraph at lines 199--200
\OT1/cmr/m/n/10 time. Here, we sep-a-rate the ef-fects of tem-per-a-ture and $\
OML/cmm/m/it/10 ^^N[]\OT1/cmr/m/n/10 O[]$ by us-ing ex-per-i-men- 
 []


Overfull \hbox (11.8768pt too wide) in paragraph at lines 201--206
[]\OT1/cmr/m/n/10 We will first show the abil-ity of this method-ol-ogy to fit 
a novel dataset of 11 high- 
 []


Overfull \hbox (7.1998pt too wide) in paragraph at lines 201--206
\OT1/cmr/m/n/10 resolution ben-thic records of $\OML/cmm/m/it/10 ^^N[]\OT1/cmr/
m/n/10 O[]$ from along the Reyk-janes Ridge in Ice-land []Lu 
 []


Overfull \hbox (13.37688pt too wide) in paragraph at lines 201--206
\OT1/cmr/m/n/10 et al.[], 2023). Suc-cess-fully fit-ting this data im-plies tha
t pos-si-ble sur-face tem-per-a-ture and 
 []


Overfull \hbox (5.20114pt too wide) in paragraph at lines 201--206
\OML/cmm/m/it/10 ^^N[]\OT1/cmr/m/n/10 O[]$ his-to-ries ex-ist that can ex-plain
 the sed-i-ment core data with-out ne-ces-si-tat- 
 []


Overfull \hbox (31.68236pt too wide) in paragraph at lines 201--206
\OT1/cmr/m/n/10 ing changes in cir-cu-la-tion. Next, we will com-pare our re-co
n-struc-tion to in-stru-men-tal records 
 []


Overfull \hbox (5.37682pt too wide) in paragraph at lines 201--206
\OT1/cmr/m/n/10 of Labrador Sea Wa-ter tem-per-a-ture and salin-ity, and demon-
strate that we re-con-struct 
 []


Overfull \hbox (8.65468pt too wide) in paragraph at lines 201--206
\OT1/cmr/m/n/10 sim-i-lar mag-ni-tudes of tem-per-a-ture and salin-ity vari-abi
l-ity over the past 100 years. Our 
 []


Overfull \hbox (13.599pt too wide) in paragraph at lines 201--206
\OT1/cmr/m/n/10 re-con-struc-tion can also be com-pared to other pa-le-o-ceano-
graphic es-ti-mates, and we show 
 []


Overfull \hbox (1.01572pt too wide) in paragraph at lines 201--206
\OT1/cmr/m/n/10 that the es-ti-mated LIA North At-lantic cool-ing trend is com-
pa-ra-ble to the global SST 
 []


Overfull \hbox (7.41847pt too wide) in paragraph at lines 201--206
\OT1/cmr/m/n/10 trend of 0.54$[]$C/kyr iden-ti-fied in the Ocean2k dataset. Fi-
nally, we will dis-cuss the spa- 
 []


Overfull \hbox (8.4047pt too wide) in paragraph at lines 201--206
\OT1/cmr/m/n/10 tiotem-po-ral evo-lu-tion of the LIA in the North At-lantic, an
d quan-tify the re-gional mag- 
 []


Overfull \hbox (0.87677pt too wide) in paragraph at lines 201--206
\OT1/cmr/m/n/10 ni-tudes and tim-ings. In our so-lu-tion, the Nordic Seas are s
hown to be the first re-gion 
 []


Overfull \hbox (3.84914pt too wide) in paragraph at lines 201--206
\OT1/cmr/m/n/10 to be-gin cool-ing, at $\OMS/cmsy/m/n/10 ^^X$\OT1/cmr/m/n/10 12
00CE, fol-lowed by the sub-po-lar gyre in $\OMS/cmsy/m/n/10 ^^X$\OT1/cmr/m/n/10
 1400CE. The tim-ing 
 []


Overfull \hbox (18.5713pt too wide) in paragraph at lines 201--206
\OT1/cmr/m/n/10 of the sub-po-lar gyre cool-ing is sim-i-lar to other in-de-pen
-dent records []Moffa-S^^Sanchez, Hall, 
 []


Overfull \hbox (10.43236pt too wide) in paragraph at lines 201--206
\OT1/cmr/m/n/10 et al.[], 2014). The sub-po-lar gyre is shown to cool by 0.37 $
\OMS/cmsy/m/n/10 ^^F$ \OT1/cmr/m/n/10 2.1K, while the Nordic Seas 
 []


Overfull \hbox (15.23795pt too wide) in paragraph at lines 201--206
\OT1/cmr/m/n/10 cool by (0.8 $\OMS/cmsy/m/n/10 ^^F$ \OT1/cmr/m/n/10 2.7 K). Thi
s find-ing is con-sis-tent with the Arc-tic am-pli-fi-ca-tion of the LIA 
 []


Overfull \hbox (12.54349pt too wide) in paragraph at lines 201--206
\OT1/cmr/m/n/10 iden-ti-fied by []Otto-Bliesner et al.[] (2016), which was pre-
vi-ously sug-gested to be ex-hib-ited 
 []


Overfull \hbox (45.1268pt too wide) in paragraph at lines 209--210
[]\OT1/cmr/m/n/10 The in-ver-sion pre-sented here is ap-plied to a set of 11 hi
gh-resolution ben-thic foraminiferal 
 []


Overfull \hbox (24.72752pt too wide) in paragraph at lines 209--210
\OML/cmm/m/it/10 ^^N[]\OT1/cmr/m/n/10 O[]$ sed-i-ment core records (Fig-ure 3[]
) pre-vi-ously pre-sented in []Lu et al.[] (2023). These 
 []


Overfull \hbox (21.54346pt too wide) in paragraph at lines 209--210
\OT1/cmr/m/n/10 records were col-lected from along the Reyk-janes Ridge south o
f Ice-land, and form a depth 
 []


Overfull \hbox (7.73788pt too wide) in paragraph at lines 209--210
\OT1/cmr/m/n/10 tran-sect from 1100-2300m. Pre-vi-ously these records were used
 to demon-strate that the 
 []


Overfull \hbox (4.18233pt too wide) in paragraph at lines 209--210
\OT1/cmr/m/n/10 deep ocean LIA tran-si-tion, as in-di-cated by the ben-thic rec
ords, oc-curred at 1350 $\OMS/cmsy/m/n/10 ^^F$ \OT1/cmr/m/n/10 50 
 []


Overfull \hbox (14.40457pt too wide) in paragraph at lines 209--210
\OT1/cmr/m/n/10 CE, while the sur-face ocean LIA tran-si-tion, as in-di-cated b
y plank-tonic records, oc-curred 
 []


Overfull \hbox (31.29353pt too wide) in paragraph at lines 209--210
\OT1/cmr/m/n/10 from 1100-1700CE. In ad-di-tion, a larger mag-ni-tude LIA was o
b-served in the ben-thic records 
 []


Overfull \hbox (30.238pt too wide) in paragraph at lines 209--210
\OT1/cmr/m/n/10 than in the plank-tonic records, in-di-cate of Arc-tic am-pli-f
i-ca-tion of LIA tem-per-a-ture changes, 
 []


Underfull \vbox (badness 10000) has occurred while \output is active []

 [3]
Overfull \hbox (6.29343pt too wide) in paragraph at lines 211--212
[]\OT1/cmr/m/n/10 Here, we in-cor-po-rate age model un-cer-tainty into the in-v
erse prob-lem by ap-ply-ing 
 []


Overfull \hbox (11.71019pt too wide) in paragraph at lines 211--212
\OT1/cmr/m/n/10 the BACON-generated age mod-els []Blaauw & Chris-ten, 2011; McK
ay et al.[], 2021) from 
 []


Overfull \hbox (1.07126pt too wide) in paragraph at lines 211--212
[]\OT1/cmr/m/n/10 Lu et al.[] (2023). In or-der to trans-late the 1000 age mode
l re-al-iza-tions into co-vari-ance 
 []


Overfull \hbox (3.42198pt too wide) in paragraph at lines 211--212
\OT1/cmr/m/n/10 ma-tri-ces with un-cer-tainty in the $\OML/cmm/m/it/10 ^^N[]\OT
1/cmr/m/n/10 O[]$ di-men-sion, each age model re-al-iza-tion was 
 []


Overfull \hbox (14.82129pt too wide) in paragraph at lines 211--212
\OT1/cmr/m/n/10 lin-early in-ter-po-lated at a com-mon 10-year res-o-lu-tion. T
hen, for each timestep, the mean 
 []


Overfull \hbox (5.53308pt too wide) in paragraph at lines 211--212
\OML/cmm/m/it/10 ^^N[]\OT1/cmr/m/n/10 O[]$ was com-puted, for any in-ter-po-lat
ed timestep that had more than 100 re-al- 
 []


Overfull \hbox (20.48787pt too wide) in paragraph at lines 211--212
\OT1/cmr/m/n/10 iza-tions avail-able. The co-vari-ance be-tween two ar-bi-trary
 timesteps $\OML/cmm/m/it/10 t[]; t[]$ \OT1/cmr/m/n/10 can be com-puted 
 []


Overfull \hbox (9.10194pt too wide) in paragraph at lines 211--212
\OT1/cmr/m/n/10 ac-cord-ing to Equa-tion 1[], where $\OML/cmm/m/it/10 ^^N[]\OT1
/cmr/m/n/10 O[](\OML/cmm/m/it/10 t[]\OT1/cmr/m/n/10 )$ refers to the in-ter-po-
lated $\OML/cmm/m/it/10 ^^N[]\OT1/cmr/m/n/10 O$ value at $\OML/cmm/m/it/10 t[]$
 \OT1/cmr/m/n/10 for 
 []


Overfull \hbox (6.72467pt too wide) in paragraph at lines 211--212
\OT1/cmr/m/n/10 re-al-iza-tion $\OML/cmm/m/it/10 i$ \OT1/cmr/m/n/10 and $\OML/c
mm/m/it/10 M$ \OT1/cmr/m/n/10 is the to-tal num-ber of re-al-iza-tions with dat
a at $\OML/cmm/m/it/10 t[]$ \OT1/cmr/m/n/10 and $\OML/cmm/m/it/10 t[]$\OT1/cmr/
m/n/10 . Re-al-iza- 
 []


Overfull \hbox (2.7934pt too wide) in paragraph at lines 211--212
\OT1/cmr/m/n/10 tions will have dif-fer-ent start and end times due to the age 
mod-el-ing pro-cess, so there 
 []


Overfull \hbox (8.71014pt too wide) in paragraph at lines 213--214
[]\OT1/cmr/m/n/10 [NOTE: This may be a good spot for a sup-ple-men-tary fig-ure
 more com-pletely ex- 
 []


Overfull \hbox (19.83862pt too wide) in paragraph at lines 221--222
[][]\OT1/cmr/m/n/10 Lu et al.[] (2023) used two ben-thic species of foraminifer
a to mea-sure $\OML/cmm/m/it/10 ^^N[]\OT1/cmr/m/n/10 O[]$. The 
 []


Overfull \hbox (1.94977pt too wide) in paragraph at lines 221--222
\OML/cmm/m/it/10 ^^N[]\OT1/cmr/m/n/10 O[]$ mea-sure-ments were ob-tained from U
vige-rina pere-g-rina (U. pere-g-rina) tests 
 []


Overfull \hbox (0.18233pt too wide) in paragraph at lines 221--222
\OT1/cmr/m/n/10 for the three shal-low-est cores (MC28A, MC26A, and MC25A), and
 from Cibi-ci-doides 
 []


Overfull \hbox (15.95999pt too wide) in paragraph at lines 221--222
\OT1/cmr/m/n/10 wueller-storfi (C. wueller-storfi) tests for the other eight se
d-i-ment cores. While C. wueller- 
 []


Overfull \hbox (4.12683pt too wide) in paragraph at lines 221--222
\OT1/cmr/m/n/10 storfi cal-ci-fies at equi-lib-rium, U. pere-g-rina is iso-topi
-cally heav-ier by 0.47$[]$ []Marchitto 
 []


Overfull \hbox (12.80194pt too wide) in paragraph at lines 223--224
[]$\OML/cmm/m/it/10 ^^N[]\OT1/cmr/m/n/10 O[]$ is de-pen-dent upon cal-ci-fi-ca-
tion tem-per-a-ture and the $\OML/cmm/m/it/10 ^^N[]\OT1/cmr/m/n/10 O[]$, which 

 []


Overfull \hbox (0.1998pt too wide) in paragraph at lines 223--224
\OT1/cmr/m/n/10 is, in turn, con-trolled by tem-per-a-ture and salin-ity. Ul-ti
-mately, in-creases in $\OML/cmm/m/it/10 ^^N[]\OT1/cmr/m/n/10 O[]$ 
 []


Overfull \hbox (10.62679pt too wide) in paragraph at lines 223--224
\OT1/cmr/m/n/10 are caused by de-creas-ing tem-per-a-ture and/or salin-i-fi-ca-
tion. In Equa-tion 2[], we show the 
 []


Overfull \hbox (19.0435pt too wide) in paragraph at lines 223--224
\OT1/cmr/m/n/10 ex-per-i-men-tal re-la-tion-ship for C. wueller-storfi cal-cu-l
ated by []Marchitto et al.[] (2014), where 
 []


Overfull \hbox (15.74641pt too wide) in paragraph at lines 223--224
\OML/cmm/m/it/10 ^^N[]\OT1/cmr/m/n/10 O[]$ is in $[]$PDB and $\OML/cmm/m/it/10 
^^N[]\OT1/cmr/m/n/10 O[]$ is in $[]$SMOW. This re-la-tion-ship can be ap-plied 

 []


Overfull \hbox (3.6823pt too wide) in paragraph at lines 235--236
[]\OT1/cmr/m/n/10 In or-der to com-plete an in-ver-sion, the val-ues re-ported 
from both C. wueller-storfi 
 []


Overfull \hbox (25.28316pt too wide) in paragraph at lines 235--236
\OT1/cmr/m/n/10 and U. pere-g-rina records must be put on a com-mon scale. Ef-f
ec-tive modern-day $\OML/cmm/m/it/10 ^^N[]\OT1/cmr/m/n/10 O[]$ 
 []


Overfull \hbox (4.3957pt too wide) in paragraph at lines 235--236
\OT1/cmr/m/n/10 can be com-puted from the equi-lib-rium value of $\OML/cmm/m/it
/10 ^^N[]\OT1/cmr/m/n/10 O[]$ and tem-per-a-ture from the 
 []


Overfull \hbox (17.75177pt too wide) in paragraph at lines 235--236
\OT1/cmr/m/n/10 in-ver-sion of []Gebbie and Huy-bers (2010). These val-ues can 
then be com-pared to the core- 
 []


Overfull \hbox (5.83875pt too wide) in paragraph at lines 235--236
\OT1/cmr/m/n/10 top val-ues of $\OML/cmm/m/it/10 ^^N[]\OT1/cmr/m/n/10 O[]$. We 
find that, af-ter ap-ply-ing the ex-per-i-men-tal off-set to the U. 
 []


Overfull \hbox (22.8109pt too wide) in paragraph at lines 235--236
\OT1/cmr/m/n/10 pere-g-rina sed-i-ment cores, the mea-sured $\OML/cmm/m/it/10 ^
^N[]\OT1/cmr/m/n/10 O[]$ val-ues are vari-ably off-set from the com- 
 []

</home/brynn/Code/OPTinv.jl/plots/offsets.png, id=27, 361.35pt x 505.89pt>
File: /home/brynn/Code/OPTinv.jl/plots/offsets.png Graphic file (type png)
<use /home/brynn/Code/OPTinv.jl/plots/offsets.png>
Package pdftex.def Info: /home/brynn/Code/OPTinv.jl/plots/offsets.png  used on 
input line 238.
(pdftex.def)             Requested size: 298.11374pt x 417.36438pt.
LaTeX Font Info:    External font `cmex10' loaded for size
(Font)              <9> on input line 239.

Underfull \hbox (badness 10000) in paragraph at lines 239--239
[]\OT1/cmr/bx/n/9 Figure  1. []\OT1/cmr/m/n/9 Rain-bow dots, with size de-creas
-ing as time in-creases, show mean $\OML/cmm/m/it/9 ^^N[]\OT1/cmr/m/n/9 O[]$ fo
r
 []


Underfull \hbox (badness 10000) in paragraph at lines 239--239
\OT1/cmr/m/n/9 each sed-i-ment core, with 0.47$[]$ equi-li-bra-tion off-set re-
moved from U. pere-g-rina records. Black
 []


Underfull \hbox (badness 10000) in paragraph at lines 239--239
\OT1/cmr/m/n/9 crosses show ef-fec-tive $\OML/cmm/m/it/9 ^^N[]\OT1/cmr/m/n/9 O[
]$ com-puted from the steady-state in-ver-sion of tem-per-a-ture and
 []


Underfull \hbox (badness 10000) in paragraph at lines 239--239
\OML/cmm/m/it/9 ^^N[]\OT1/cmr/m/n/9 O[]$ from []Gebbie and Huy-bers (2010) and 
ob-served at the sed-i-ment core sites. Com-pu-ta-
 []


Overfull \hbox (21.28236pt too wide) in paragraph at lines 242--242
[]\OT1/cmr/bx/n/10 Total Ma-trix In-ter-com-par-i-son (TMI), steady-state and t
ran-sient ver- 
 []


Overfull \hbox (1.01553pt too wide) in paragraph at lines 243--244
[]\OT1/cmr/m/n/10 In or-der to re-late sig-nals at the sed-i-ment core sites to
 far-field ocean re-gions, an 
 []


Overfull \hbox (2.89073pt too wide) in paragraph at lines 243--244
\OT1/cmr/m/n/10 ocean cir-cu-la-tion model must be ap-plied. In []Gebbie and Hu
y-bers (2010), a box in-ver- 
 []


Overfull \hbox (9.37675pt too wide) in paragraph at lines 243--244
\OT1/cmr/m/n/10 sion tech-nique is used to com-pute the path-ways con-nect-ing 
in-te-rior ocean grid boxes to 
 []


Overfull \hbox (2.68231pt too wide) in paragraph at lines 243--244
\OT1/cmr/m/n/10 the sur-face. The global ocean is de-com-posed into a $4[] \OMS
/cmsy/m/n/10 ^^B \OT1/cmr/m/n/10 4[]$ grid with 33 ver-ti-cal lev-els, 
 []


Overfull \hbox (14.54344pt too wide) in paragraph at lines 243--244
\OT1/cmr/m/n/10 and the path-ways that con-nect each in-te-rior grid box to the
 sur-face are com-puted by in- 
 []


Overfull \hbox (3.99057pt too wide) in paragraph at lines 243--244
\OT1/cmr/m/n/10 vert-ing six con-ser-va-tive trac-ers. This re-sults in a ma-tr
ix, $[]$, which con-tains the con- 
 []


Overfull \hbox (2.48787pt too wide) in paragraph at lines 243--244
\OT1/cmr/m/n/10 tri-bu-tion of ev-ery sur-face grid cell to ev-ery in-te-rior c
ell, as-sum-ing that the ocean is at 
 []


Overfull \hbox (6.75183pt too wide) in paragraph at lines 243--244
\OT1/cmr/m/n/10 a steady-state. In []Gebbie and Huy-bers (2012), this re-sult i
s ex-tended by in-cor-po-rat-ing 
 []


Overfull \hbox (5.14058pt too wide) in paragraph at lines 243--244
\OT1/cmr/m/n/10 ra-dio-car-bon ob-ser-va-tions in $[]$, which con-tains the rat
e at which sur-face grid cells are 
 []


Underfull \vbox (badness 10000) has occurred while \output is active []

 [4]
[5 </home/brynn/Code/OPTinv.jl/plots/offsets.png>]
Overfull \hbox (11.43246pt too wide) in paragraph at lines 246--247
[]\OT1/cmr/m/n/10 SST fields from his-tor-i-cal re-al-iza-tion (1850-2015CE) `r
11i1p1f1` of the Com-mu-nity 
 []


Overfull \hbox (5.57126pt too wide) in paragraph at lines 246--247
\OT1/cmr/m/n/10 Earth Sys-tem Model, ver-sion 2 (CESM2) []Danabasoglu et al.[],
 2020) were used to con- 
 []


Overfull \hbox (11.2845pt too wide) in paragraph at lines 248--249
[]\OT1/cmr/m/n/10 The re-la-tion-ship be-tween tem-per-a-ture and $\OML/cmm/m/i
t/10 ^^N[]\OT1/cmr/m/n/10 O[]$ was ob-tained us-ing out-put 
 []


Overfull \hbox (19.48804pt too wide) in paragraph at lines 248--249
\OT1/cmr/m/n/10 from the iCESM1.2 cou-pled cli-mate model []Brady et al.[], 201
9). The `TEMP` and `R18O` 
 []


Overfull \hbox (10.599pt too wide) in paragraph at lines 248--249
\OT1/cmr/m/n/10 vari-ables from the large en-sem-ble pre-industrial fully cou-p
led con-trol run were ob-served 
 []


Overfull \hbox (6.18225pt too wide) in paragraph at lines 248--249
\OT1/cmr/m/n/10 at the grid cell clos-est to the mean sed-i-ment core po-si-tio
n, and the lin-ear least squares 
 []


Overfull \hbox (14.32118pt too wide) in paragraph at lines 252--255
[]\OT1/cmr/m/n/10 This in-verse prob-lem is char-ac-ter-ized by in-fer-ring som
e time-varying far-field prop- 
 []


Overfull \hbox (17.64043pt too wide) in paragraph at lines 252--255
\OT1/cmr/m/n/10 er-ties $\OT1/cmr/bx/n/10 u$ \OT1/cmr/m/n/10 from data at the s
ed-i-ment core sites $\OT1/cmr/bx/n/10 y$\OT1/cmr/m/n/10 . Both $\OT1/cmr/bx/n/
10 y$ \OT1/cmr/m/n/10 and $\OT1/cmr/bx/n/10 u$ \OT1/cmr/m/n/10 are vec-tor-ized
 ar-rays, with 
 []


Overfull \hbox (17.02383pt too wide) in paragraph at lines 252--255
\OT1/cmr/bx/n/10 y$ \OT1/cmr/m/n/10 vary-ing by time $\OML/cmm/m/it/10 t[]$ \OT
1/cmr/m/n/10 and sed-i-ment core $\OML/cmm/m/it/10 c$\OT1/cmr/m/n/10 , and with
 $\OT1/cmr/bx/n/10 u$ \OT1/cmr/m/n/10 vary-ing with time $\OML/cmm/m/it/10 t[]$
\OT1/cmr/m/n/10 , spa-tial mode 
 []


Overfull \hbox (0.20198pt too wide) in paragraph at lines 252--255
\OML/cmm/m/it/10 m$\OT1/cmr/m/n/10 , and state vari-able (ei-ther tem-per-a-tur
e or $\OML/cmm/m/it/10 ^^N[]\OT1/cmr/m/n/10 O[]$). The con-nec-tion be-tween 
 []


Overfull \hbox (0.90456pt too wide) in paragraph at lines 252--255
\OT1/cmr/m/n/10 the sed-i-ment core sites and any re-gion of the ocean can be c
om-puted by ap-ply-ing the 
 []


Overfull \hbox (12.38045pt too wide) in paragraph at lines 252--255
\OT1/cmr/m/n/10 tran-sient TMI ma-trix $[]$, which has di-men-sions ($\OML/cmm/
m/it/10 b[] \OMS/cmsy/m/n/10 ^^B \OML/cmm/m/it/10 b[]$\OT1/cmr/m/n/10 ), where 
$\OML/cmm/m/it/10 b[]$ \OT1/cmr/m/n/10 is the num-ber of sur- 
 []


Overfull \hbox (1.61702pt too wide) in paragraph at lines 252--255
\OT1/cmr/m/n/10 face grid-cells, and $\OML/cmm/m/it/10 b[]$ \OT1/cmr/m/n/10 is 
the num-ber of in-te-rior grid-cells. Each en-try of $[]$ has units of 
 []


Overfull \hbox (3.25668pt too wide) in paragraph at lines 252--255
\OT1/cmr/m/n/10 this ap-proach could be used to in-fer sub-sur-face tem-per-a-t
ure and $\OML/cmm/m/it/10 ^^N[]\OT1/cmr/m/n/10 O[]$, here we 
 []


Overfull \hbox (10.14563pt too wide) in paragraph at lines 252--255
\OT1/cmr/m/n/10 in-fer sur-face tem-per-a-ture and $\OML/cmm/m/it/10 ^^N[]\OT1/
cmr/m/n/10 O[]$, as it can more read-ily be com-pared to other 
 []


Overfull \hbox (10.7379pt too wide) in paragraph at lines 256--257
[]\OT1/cmr/m/n/10 We are con-cerned with solv-ing for the time-varying evo-lu-t
ion of some col-lec-tion of 
 []


Overfull \hbox (10.32124pt too wide) in paragraph at lines 256--257
\OT1/cmr/m/n/10 far-field pat-terns. These pat-terns could be oceano-graphic re
-gions or fea-tures, and could 
 []


Overfull \hbox (23.12672pt too wide) in paragraph at lines 256--257
\OT1/cmr/m/n/10 be sur-face or sub-sur-face. In or-der to re-duce the num-ber o
f de-grees of free-dom in the prob- 
 []


Overfull \hbox (13.84909pt too wide) in paragraph at lines 256--257
\OT1/cmr/m/n/10 lem, we solve for the mag-ni-tude of sur-face spa-tial modes, o
b-tained from a sin-gu-lar value 
 []


Overfull \hbox (3.32123pt too wide) in paragraph at lines 256--257
\OT1/cmr/m/n/10 de-com-po-si-tion of source wa-ter maps (Sec-tion 3.2[]). These
 spa-tial modes can be prop-a- 
 []


Overfull \hbox (2.69061pt too wide) in paragraph at lines 256--257
\OT1/cmr/m/n/10 gated through the tran-sient TMI ma-trix $[]$ and ``ob-served''
 at the core sites, form-ing 
 []


Overfull \hbox (3.04344pt too wide) in paragraph at lines 256--257
\OT1/cmr/m/n/10 the model ma-trix $\OT1/cmr/bx/n/10 E$ \OT1/cmr/m/n/10 of spa-t
ial mode mag-ni-tudes at the core sites at lag times from an 
 []

</home/brynn/Code/OPTinv.jl/plots/SVD_modes.png, id=42, 433.62pt x 433.62pt>
File: /home/brynn/Code/OPTinv.jl/plots/SVD_modes.png Graphic file (type png)
<use /home/brynn/Code/OPTinv.jl/plots/SVD_modes.png>
Package pdftex.def Info: /home/brynn/Code/OPTinv.jl/plots/SVD_modes.png  used o
n input line 266.
(pdftex.def)             Requested size: 298.11374pt x 298.12625pt.

Overfull \hbox (13.27051pt too wide) in paragraph at lines 270--272
[]\OT1/cmr/m/n/10 How are spa-tial modes cal-cu-lated? From the steady-state TM
I ma-trix $[]$, which 
 []


Overfull \hbox (4.96834pt too wide) in paragraph at lines 270--272
\OT1/cmr/m/n/10 is sim-i-larly di-men-sioned to $[]$, but has units of mass fra
c-tions, we can com-pute 
 []


Underfull \vbox (badness 10000) has occurred while \output is active []

 [6]
Underfull \vbox (badness 10000) has occurred while \output is active []

 [7 </home/brynn/Code/OPTinv.jl/plots/SVD_modes.png>]
</home/brynn/Code/OPTinv.jl/plots/reconsolallvold.png, id=52, 578.16pt x 578.16
pt>
File: /home/brynn/Code/OPTinv.jl/plots/reconsolallvold.png Graphic file (type p
ng)
<use /home/brynn/Code/OPTinv.jl/plots/reconsolallvold.png>
Package pdftex.def Info: /home/brynn/Code/OPTinv.jl/plots/reconsolallvold.png  
used on input line 296.
(pdftex.def)             Requested size: 397.48499pt x 397.48402pt.

Underfull \hbox (badness 10000) in paragraph at lines 297--297
[]\OT1/cmr/bx/n/9 Figure  3. []\OT1/cmr/m/n/9 Re-con-struc-tion at core sites f
or all core es-ti-mate (red) and three old-est core es-ti-
 []

</home/brynn/Code/OPTinv.jl/plots/modemagsθallvold.png, id=53, 578.16pt x 578.
16pt>
File: /home/brynn/Code/OPTinv.jl/plots/modemagsθallvold.png Graphic file (type
 png)
<use /home/brynn/Code/OPTinv.jl/plots/modemagsθallvold.png>
Package pdftex.def Info: /home/brynn/Code/OPTinv.jl/plots/modemagsθallvold.png
  used on input line 303.
(pdftex.def)             Requested size: 298.11374pt x 298.113pt.

Underfull \hbox (badness 10000) in paragraph at lines 304--304
[]\OT1/cmr/bx/n/9 Figure  4. []\OT1/cmr/m/n/9 Tem-per-a-ture sur-face mode mag-
ni-tudes for first three modes, mode 1 in pur-
 []


Underfull \hbox (badness 10000) in paragraph at lines 304--304
\OT1/cmr/m/n/9 ple/solid, mode 2 in green/dashed, mode 3 in or-ange/dotted for 
\OT1/cmr/bx/n/9 (A) \OT1/cmr/m/n/9 es-ti-mate us-ing three old-est
 []

</home/brynn/Code/OPTinv.jl/plots/labcompallvold.png, id=54, 578.16pt x 578.16p
t>
File: /home/brynn/Code/OPTinv.jl/plots/labcompallvold.png Graphic file (type pn
g)
<use /home/brynn/Code/OPTinv.jl/plots/labcompallvold.png>
Package pdftex.def Info: /home/brynn/Code/OPTinv.jl/plots/labcompallvold.png  u
sed on input line 320.
(pdftex.def)             Requested size: 397.48499pt x 397.48402pt.

Underfull \hbox (badness 10000) in paragraph at lines 321--321
[]\OT1/cmr/bx/n/9 Figure  5. [](A) \OT1/cmr/m/n/9 Re-con-structed Labrador Sea 
(60$[]$W-30$[]$E, 55$[]$N-64$[]$N) tem-per-a-ture and \OT1/cmr/bx/n/9 (B)
 []


Underfull \hbox (badness 10000) in paragraph at lines 321--321
\OT1/cmr/m/n/9 salin-ity (com-puted as $0\OML/cmm/m/it/9 :\OT1/cmr/m/n/9 5255 \
OMS/cmsy/m/n/9 ^^B \OML/cmm/m/it/9 ^^N[]\OT1/cmr/m/n/9 O[]$) over the in-stru-m
en-tal pe-riod (1850-1970) is shown
 []


Underfull \hbox (badness 10000) in paragraph at lines 321--321
\OT1/cmr/m/n/9 for ``old'' (blue) and ``all'' (red) so-lu-tions. Solid line sho
ws dig-i-tized Labrador Sea record from
 []


Underfull \hbox (badness 10000) in paragraph at lines 321--321
\OT1/cmr/m/n/9 The Lab Sea Group, 1998 pub-li-ca-tion. Dashed line shows HadiSS
T Labrador Sea spa-tial mean
 []

</home/brynn/Code/OPTinv.jl/plots/surfacesolallvold.png, id=55, 1084.05pt x 578
.16pt>
File: /home/brynn/Code/OPTinv.jl/plots/surfacesolallvold.png Graphic file (type
 png)
<use /home/brynn/Code/OPTinv.jl/plots/surfacesolallvold.png>
Package pdftex.def Info: /home/brynn/Code/OPTinv.jl/plots/surfacesolallvold.png
  used on input line 333.
(pdftex.def)             Requested size: 397.48499pt x 211.99265pt.

Underfull \hbox (badness 10000) in paragraph at lines 334--334
[]\OT1/cmr/bx/n/9 Figure  6. []\OT1/cmr/m/n/9 Re-con-struc-tion of sur-face po-
ten-tial tem-per-a-ture, 70-year mean, SVD ap-proach,
 []


Underfull \hbox (badness 10000) in paragraph at lines 334--334
\OT1/cmr/m/n/9 anomaly from 1850-1970. Top row is for old cores, mid-dle row is
 for all cores, third row is Last
 []

</home/brynn/Code/OPTinv.jl/plots/meantsallvold.png, id=56, 462.528pt x 346.896
pt>
File: /home/brynn/Code/OPTinv.jl/plots/meantsallvold.png Graphic file (type png
)
<use /home/brynn/Code/OPTinv.jl/plots/meantsallvold.png>
Package pdftex.def Info: /home/brynn/Code/OPTinv.jl/plots/meantsallvold.png  us
ed on input line 339.
(pdftex.def)             Requested size: 298.11374pt x 223.59534pt.

Underfull \hbox (badness 10000) in paragraph at lines 342--342
[]\OT1/cmr/bx/n/9 Figure  7. []\OT1/cmr/m/n/9 Mean North At-lantic tem-per-a-tu
re for ``all'' so-lu-tion (red) and ``old'' (blue), Last
 []


Underfull \hbox (badness 10000) in paragraph at lines 342--342
\OT1/cmr/m/n/9 Mil-le-nium Re-anal-y-sis (gray dash-dot), HadiSST (black dot-te
d). Ocean2k trend of 0.54-0.38
 []


Underfull \hbox (badness 10000) in paragraph at lines 342--342
[]$\OT1/cmr/m/n/9 C/kyr (from Sup-ple-men-tal Fig-ure 6) is shown in shaded gra
y re-gion. All records are shown as
 []


Underfull \hbox (badness 10000) in paragraph at lines 342--342
\OT1/cmr/m/n/9 anomaly from 1850-1970. For HadiSST and both re-con-struc-tions,
 the mean is com-puted over the
 []


Underfull \hbox (badness 10000) in paragraph at lines 342--342
[]\OT1/cmr/m/n/9 [This will go in dis-cus-sion, but for now: Es-ti-mated LIA N.
 Atl. cool-ing is cal-cu-lated by com-put-
 []


Underfull \hbox (badness 10000) in paragraph at lines 342--342
\OT1/cmr/m/n/9 ing the lin-ear least squares slope be-tween the max-ima and min
-ima oc-cur-ring be-tween 1000CE
 []

</home/brynn/Code/OPTinv.jl/plots/EGWGallvold.png, id=57, 722.7pt x 578.16pt>
File: /home/brynn/Code/OPTinv.jl/plots/EGWGallvold.png Graphic file (type png)
<use /home/brynn/Code/OPTinv.jl/plots/EGWGallvold.png>
Package pdftex.def Info: /home/brynn/Code/OPTinv.jl/plots/EGWGallvold.png  used
 on input line 346.
(pdftex.def)             Requested size: 397.48499pt x 317.98898pt.

Underfull \hbox (badness 10000) in paragraph at lines 351--351
[]\OT1/cmr/bx/n/9 Figure  8. []\OT1/cmr/m/n/9 Tem-per-a-ture for \OT1/cmr/bx/n/
9 (A) \OT1/cmr/m/n/9 ``old'' and \OT1/cmr/bx/n/9 (B) \OT1/cmr/m/n/9 ``all'' so-
lu-tions ob-served for spa-tial av-er-ages in
 []


Underfull \hbox (badness 10000) in paragraph at lines 351--351
\OT1/cmr/m/n/9 Nordic Seas (pur-ple: 20$[]$W-20$[]$E, 65$[]$N-80$[]$N), the sub
-po-lar gyre (green: 60$[]$W-0$[]$, 50$[]$N-65$[]$N),
 []


Underfull \hbox (badness 10000) in paragraph at lines 351--351
\OT1/cmr/m/n/9 the west-ern sub-po-lar gyre (green, dashed: 60$[]$W-30$[]$W, 50
$[]$N-65$[]$N), and the east-ern sub-po-lar
 []


Underfull \hbox (badness 10000) in paragraph at lines 351--351
\OT1/cmr/m/n/9 gyre (green, dot-ted: 30$[]$W-0$[]$, 50$[]$N-65$[]$N). All re-co
n-struc-tions are shown as anomaly from 1850-
 []


Underfull \hbox (badness 10000) in paragraph at lines 351--351
\OT1/cmr/m/n/9 1970CE. Blue line shows dig-i-tized GRIP bore-hole record []Dahl
-Jensen et al.[], 1998), grey line and
 []


Underfull \hbox (badness 10000) in paragraph at lines 351--351
\OT1/cmr/m/n/9 shad-ing show to-tal so-lar in-so-la-tion es-ti-mate with 1$\OML
/cmm/m/it/9 ^^[$ \OT1/cmr/m/n/9 un-cer-tainty []Steinhilber et al.[], 2009), an
d
 []


Underfull \hbox (badness 10000) in paragraph at lines 351--351
[]\OT1/cmr/m/n/9 This fig-ure is def-i-nitely too busy, I just thought it would
 be in-ter-est-ing to com-pare these records
 []


Underfull \hbox (badness 10000) in paragraph at lines 351--351
[]\OT1/cmr/m/n/9 [For dis-cus-sion: ``old'' so-lu-tion re-con-structs 0.9 $\OMS
/cmsy/m/n/9 ^^F$ \OT1/cmr/m/n/9 2.7K Nordic Sea cool-ing from 800-1860CE, and
 []


Overfull \hbox (9.82117pt too wide) in paragraph at lines 549--551
[]\OT1/cmr/m/n/10 This sec-tion MUST con-tain a state-ment that de-scribes wher
e the data sup-port-ing 
 []


Overfull \hbox (5.90463pt too wide) in paragraph at lines 549--551
\OT1/cmr/m/n/10 the con-clu-sions can be ob-tained. Data can-not be listed as '
'Avail-able from au-thors'' or 
 []


Overfull \hbox (4.4047pt too wide) in paragraph at lines 549--551
\OT1/cmr/m/n/10 stored solely in sup-port-ing in-for-ma-tion. Ci-ta-tions to ar
chived data should be in-cluded 
 []


Overfull \hbox (18.51564pt too wide) in paragraph at lines 549--551
\OT1/cmr/m/n/10 in your ref-er-ence list. Wi-ley will pub-lish it as a sep-a-ra
te sec-tion on the pa-per's page. Ex- 
 []


Overfull \hbox (71.11316pt too wide) in paragraph at lines 549--551
\OT1/cmr/m/n/10 am-ples and com-plete in-for-ma-tion are here: https://www.agu.
org/Publish with AGU/Publish/Author 
 []

[8 </home/brynn/Code/OPTinv.jl/plots/reconsolallvold.png>] [9 </home/brynn/Code
/OPTinv.jl/plots/modemagsθallvold.png>] [10 </home/brynn/Code/OPTinv.jl/plots/
labcompallvold.png>] [11 </home/brynn/Code/OPTinv.jl/plots/surfacesolallvold.pn
g> </home/brynn/Code/OPTinv.jl/plots/meantsallvold.png>] [12 </home/brynn/Code/
OPTinv.jl/plots/EGWGallvold.png>]
Overfull \hbox (8.65456pt too wide) in paragraph at lines 553--555
\OT1/cmr/m/n/10 Enter ac-knowl-edg-ments here. This sec-tion is to ac-knowl-edg
e fund-ing, thank col-leagues, 
 []

[13] (./Hamilton2024.bbl
Underfull \hbox (badness 1320) in paragraph at lines 18--35
[]\OT1/cmr/m/n/10 Amrhein, D. E., Geb-bie, G., Mar-chal, O., & Wun-sch, C.  (20
15).  In-fer-ring sur-face 
 []


Underfull \hbox (badness 10000) in paragraph at lines 18--35
\OT1/cmr/m/n/10 wa-ter equi-lib-rium cal-cite $\OML/cmm/m/it/10 ^^N[]$\OT1/cmr/
m/n/10 O dur-ing the last deglacial pe-riod from ben-thic 
 []


Underfull \hbox (badness 10000) in paragraph at lines 18--35
\OT1/cmr/m/n/10 foraminiferal records: Im-pli-ca-tions for ocean cir-cu-la-tion
.  \OT1/cmr/m/it/10 Pa-le-o-ceanog-ra-phy\OT1/cmr/m/n/10 , 
 []


Underfull \hbox (badness 10000) in paragraph at lines 47--70
[]\OT1/cmr/m/n/10 Arellano-Nava, B., Hal-lo-ran, P. R., Boul-ton, C. A., Scours
e, J., But-ler, P. G., 
 []


Underfull \hbox (badness 10000) in paragraph at lines 47--70
\OT1/cmr/m/n/10 Reynolds, D. J., & Lenton, T. M.  (2022, Aug 25).  Desta-bil-i-
sa-tion of the 
 []


Underfull \hbox (badness 10000) in paragraph at lines 113--137
[]\OT1/cmr/m/n/10 Brady, E., Steven-son, S., Bai-ley, D., Liu, Z., Noone, D., N
us-baumer, J., ... Zhu, 
 []


Underfull \hbox (badness 10000) in paragraph at lines 113--137
\OT1/cmr/m/n/10 J.  (2019, Au-gust).  The con-nected iso-topic wa-ter cy-cle in
 the com-mu-nity 
 []


Underfull \hbox (badness 10000) in paragraph at lines 113--137
\OT1/cmr/m/n/10 earth sys-tem model ver-sion 1.  \OT1/cmr/m/it/10 Jour-nal of A
d-vances in Mod-el-ing Earth Sys- 
 []


Underfull \hbox (badness 10000) in paragraph at lines 113--137
\OT1/cmr/m/it/10 tems\OT1/cmr/m/n/10 , \OT1/cmr/m/it/10 11\OT1/cmr/m/n/10 (8), 
2547{2566.  Re-trieved from $\OT1/cmtt/m/n/10 http :// dx [] .doi [] .org / 10 
[] .1029 / 
 []


Underfull \hbox (badness 10000) in paragraph at lines 153--171
\OT1/cmr/m/n/10 ca-tion of an in-verse method to in-ter-pret 231Pa/230Th ob-ser
-va-tions from ma- 
 []


Underfull \hbox (badness 10000) in paragraph at lines 183--208
[]\OT1/cmr/m/n/10 Copard, K., Colin, C., Hen-der-son, G., Scholten, J., Dou-vil
le, E., Sicre, M.-A., & 
 []


Underfull \hbox (badness 1642) in paragraph at lines 183--208
\OT1/cmr/m/it/10 ence Let-ters\OT1/cmr/m/n/10 , \OT1/cmr/m/it/10 313{314\OT1/cm
r/m/n/10 , 34{44.  Re-trieved from $\OT1/cmtt/m/n/10 http :// dx [] .doi [] .or
g / 10 [] .1016 / 
 []


Underfull \hbox (badness 10000) in paragraph at lines 220--244
[]\OT1/cmr/m/n/10 Cunningham, L. K., Austin, W. E., Knud-sen, K. L., Eir^^S^^Pk
sson, J., Scourse, J. D., 
 []


Underfull \hbox (badness 1642) in paragraph at lines 220--244
\OT1/cmr/m/n/10 Wana-maker, A. D., ... Wil-son, R. J.  (2013, April).  Re-con-s
truc-tions of sur- 
 []


Underfull \hbox (badness 10000) in paragraph at lines 220--244
\OT1/cmr/m/n/10 face ocean con-di-tions from the north-east at-lantic and nordi
c seas dur-ing the 
 []


Underfull \hbox (badness 10000) in paragraph at lines 220--244
\OT1/cmr/m/n/10 last mil-len-nium.  \OT1/cmr/m/it/10 The Holocene\OT1/cmr/m/n/1
0 , \OT1/cmr/m/it/10 23\OT1/cmr/m/n/10 (7), 921{935.  Re-trieved from $\OT1/cmt
t/m/n/10 http :// 
 []


Underfull \hbox (badness 10000) in paragraph at lines 256--274
[]\OT1/cmr/m/n/10 Dahl-Jensen, D., Mosegaard, K., Gun-de-strup, N., Clow, G. D.
, Johnsen, S. J., 
 []


Underfull \hbox (badness 3758) in paragraph at lines 256--274
\OT1/cmr/m/n/10 Hansen, A. W., & Balling, N.  (1998).  Past tem-per-a-tures di-
rectly from the 
 []


Underfull \hbox (badness 10000) in paragraph at lines 286--312
[]\OT1/cmr/m/n/10 Danabasoglu, G., Lamar-que, J.-F., Bacmeis-ter, J., Bai-ley, 
D. A., Du-Vivier, A. K., 
 []


Underfull \hbox (badness 4303) in paragraph at lines 286--312
\OT1/cmr/m/n/10 Ver-sion 2 (CESM2).  \OT1/cmr/m/it/10 Jour-nal of Ad-vances in 
Mod-el-ing Earth Sys-tems\OT1/cmr/m/n/10 , \OT1/cmr/m/it/10 12\OT1/cmr/m/n/10 (
2), 
 []


Underfull \hbox (badness 10000) in paragraph at lines 286--312
\OT1/cmr/m/n/10 e2019MS001916.  Re-trieved from $\OT1/cmtt/m/n/10 https :// agu
pubs [] .onlinelibrary [] .wiley [] 
 []


Underfull \hbox (badness 1502) in paragraph at lines 326--348
[]\OT1/cmr/m/n/10 Gao, C., Robock, A., & Am-mann, C.  (2008).  Vol-canic forc-i
ng of cli-mate over the 
 []


Underfull \hbox (badness 8170) in paragraph at lines 326--348
\OT1/cmr/m/it/10 of Geo-phys-i-cal Re-search: At-mo-spheres\OT1/cmr/m/n/10 , \O
T1/cmr/m/it/10 113\OT1/cmr/m/n/10 (D23).  Re-trieved from $\OT1/cmtt/m/n/10 htt
ps :// 
 []


Underfull \hbox (badness 2460) in paragraph at lines 326--348
\OT1/cmtt/m/n/10 agupubs [] .onlinelibrary [] .wiley [] .com / doi / abs / 10 [
] .1029 / 2008JD010239$   \OT1/cmr/m/n/10 doi: 
 []


Underfull \hbox (badness 1931) in paragraph at lines 389--408
\OT1/cmr/m/it/10 ra-phy\OT1/cmr/m/n/10 , \OT1/cmr/m/it/10 40\OT1/cmr/m/n/10 (8)
, 1710 - 1728.  Re-trieved from $\OT1/cmtt/m/n/10 https :// journals [] .ametso
c [] .org / 
 []


Underfull \hbox (badness 10000) in paragraph at lines 389--408
\OT1/cmtt/m/n/10 view / journals / phoc / 40 / 8 / 2010jpo4272 [] .1 [] .xml$  
 \OT1/cmr/m/n/10 doi: $https :// doi [] .org / 
 []


Underfull \hbox (badness 10000) in paragraph at lines 422--439
[]\OT1/cmr/m/n/10 Gebbie, G., & Huy-bers, P.  (2012).  The mean age of ocean wa
-ters in-ferred 
 []


Underfull \hbox (badness 10000) in paragraph at lines 422--439
\OT1/cmr/m/n/10 from ra-dio-car-bon ob-ser-va-tions: sen-si-tiv-ity to sur-face
 sources and ac- 
 []


Underfull \hbox (badness 10000) in paragraph at lines 422--439
\OT1/cmr/m/n/10 count-ing for mix-ing his-to-ries.  \OT1/cmr/m/it/10 J. Phys. O
ceanogr.\OT1/cmr/m/n/10 , \OT1/cmr/m/it/10 42 (2)\OT1/cmr/m/n/10 , 291-305.  do
i: 
 []

[14

]
Underfull \hbox (badness 1881) in paragraph at lines 453--472
[]\OT1/cmr/m/n/10 Gebbie, G., & Huy-bers, P.  (2019).  The Lit-tle Ice Age and 
20th-century deep Pa- 
 []


Underfull \hbox (badness 10000) in paragraph at lines 484--503
[]\OT1/cmr/m/n/10 Hakim, G. J., Emile-Geay, J., Steig, E. J., Noone, D., An-der
-son, D. M., Tardif, R., 
 []


Underfull \hbox (badness 3138) in paragraph at lines 484--503
\OT1/cmr/m/n/10 ... Perkins, W. A.  (2016).  The last mil-len-nium cli-mate re-
anal-y-sis project: 
 []


Underfull \hbox (badness 6592) in paragraph at lines 484--503
\OT1/cmr/m/n/10 Frame-work and first re-sults.  \OT1/cmr/m/it/10 Jour-nal of Ge
o-phys-i-cal Re-search: At-mo-spheres\OT1/cmr/m/n/10 , 
 []


Underfull \hbox (badness 10000) in paragraph at lines 518--538
\OT1/cmr/m/n/10 in-cep-tion of eu-ro-pean lit-tle ice age by sea ice{ocean{atmo
sphere feed-backs. 
 []


Underfull \hbox (badness 1466) in paragraph at lines 518--538
\OT1/cmr/m/it/10 Jour-nal of Cli-mate\OT1/cmr/m/n/10 , \OT1/cmr/m/it/10 26\OT1/
cmr/m/n/10 (19), 7586{7602.  Re-trieved from $\OT1/cmtt/m/n/10 http :// dx [] .
doi [] .org / 
 []


Underfull \hbox (badness 10000) in paragraph at lines 553--574
\OT1/cmr/m/n/10 cli-mate sig-nals trans-mit-ted rapidly to deep north at-lantic
 through-out last mil- 
 []


Underfull \hbox (badness 10000) in paragraph at lines 586--610
[]\OT1/cmr/m/n/10 Marchitto, T., Curry, W., Lynch-Stieglitz, J., Bryan, S., Cob
b, K., & Lund, D. 
 []


Underfull \hbox (badness 10000) in paragraph at lines 586--610
\OT1/cmr/m/n/10 (2014).  Im-proved oxy-gen iso-tope tem-per-a-ture cal-i-bra-ti
ons for cos-mopoli-tan 
 []


Underfull \hbox (badness 10000) in paragraph at lines 586--610
\OT1/cmr/m/n/10 ben-thic foraminifera.  \OT1/cmr/m/it/10 Geochim-ica et Cos-moc
him-ica Acta\OT1/cmr/m/n/10 , \OT1/cmr/m/it/10 130\OT1/cmr/m/n/10 , 1-11.  Re- 

 []


Underfull \hbox (badness 10000) in paragraph at lines 586--610
\OT1/cmr/m/n/10 trieved from $\OT1/cmtt/m/n/10 https :// www [] .sciencedirect 
[] .com / science / article / pii / 
 []


Underfull \hbox (badness 10000) in paragraph at lines 622--642
[]\OT1/cmr/m/n/10 McGregor, H. V., Evans, M. N., Goose, H., Leduc, G., Mar-trat
, B., Ad-di-son, J. A., 
 []


Underfull \hbox (badness 1112) in paragraph at lines 656--675
\OT1/cmr/m/n/10 age to model, an-a-lyze, and vi-su-al-ize age-uncertain data.  
\OT1/cmr/m/it/10 Geochronol-ogy\OT1/cmr/m/n/10 , \OT1/cmr/m/it/10 3\OT1/cmr/m/n
/10 (1), 
 []


Underfull \hbox (badness 4467) in paragraph at lines 656--675
\OT1/cmr/m/n/10 149{169.  Re-trieved from $\OT1/cmtt/m/n/10 http :// dx [] .doi
 [] .org / 10 [] .5194 / gchron [] -3 [] -149 [] -2021$ 
 []


Underfull \hbox (badness 10000) in paragraph at lines 687--712
[]\OT1/cmr/m/n/10 Miller, G. H., Geirs-dot-tir, A., Zhong, Y., Larsen, D. J., O
tto-Bliesner, B. L., 
 []


Underfull \hbox (badness 10000) in paragraph at lines 687--712
\OT1/cmr/m/n/10 Hol-land, M. M., ... Thor-dar-son, T.  (2012).  Abrupt on-set o
f the Lit- 
 []


Underfull \hbox (badness 10000) in paragraph at lines 687--712
\OT1/cmr/m/n/10 tle Ice Age trig-gered by vol-can-ism and sus-tained by sea-ice
/ocean feed- 
 []


Underfull \hbox (badness 10000) in paragraph at lines 687--712
\OT1/cmr/m/n/10 backs.  \OT1/cmr/m/it/10 Geo-phys-i-cal Re-search Let-ters\OT1/
cmr/m/n/10 , \OT1/cmr/m/it/10 39\OT1/cmr/m/n/10 (2).  Re-trieved from $\OT1/cmt
t/m/n/10 https :// 
 []


Underfull \hbox (badness 2460) in paragraph at lines 687--712
\OT1/cmtt/m/n/10 agupubs [] .onlinelibrary [] .wiley [] .com / doi / abs / 10 [
] .1029 / 2011GL050168$   \OT1/cmr/m/n/10 doi: 
 []


Underfull \hbox (badness 8075) in paragraph at lines 726--744
\OT1/cmr/m/n/10 links to eu-ro-pean cli-mate over the last 3000 years.  \OT1/cm
r/m/it/10 Na-ture Com-mu-ni-ca-tions\OT1/cmr/m/n/10 , 
 []


Underfull \hbox (badness 10000) in paragraph at lines 726--744
\OT1/cmr/m/it/10 8\OT1/cmr/m/n/10 (1).  Re-trieved from $\OT1/cmtt/m/n/10 http 
:// dx [] .doi [] .org / 10 [] .1038 / s41467 [] -017 [] -01884 [] -8$ 
 []


Underfull \hbox (badness 6063) in paragraph at lines 760--783
[]\OT1/cmr/m/n/10 Moffa-Sanchez, P., Hall, I. R., Thor-nal-ley, D. J., Barker, 
S., & Stew-art, C.  (2015). 
 []


Underfull \hbox (badness 10000) in paragraph at lines 760--783
\OT1/cmr/m/n/10 Changes in the strength of the nordic seas over-flows over the 
past 3000 
 []


Underfull \hbox (badness 10000) in paragraph at lines 760--783
\OT1/cmtt/m/n/10 www [] .sciencedirect [] .com / science / article / pii / S027
7379115300172$   \OT1/cmr/m/n/10 doi: 
 []


Underfull \hbox (badness 10000) in paragraph at lines 800--820
[]\OT1/cmr/m/n/10 Moffa-S^^Sanchez, P., Born, A., Hall, I. R., Thor-nal-ley, D.
 J. R., & Barker, S.  (2014, 
 []


Underfull \hbox (badness 5563) in paragraph at lines 800--820
\OT1/cmr/m/n/10 March).  So-lar forc-ing of north at-lantic sur-face tem-per-a-
ture and salin-ity over 
 []


Underfull \hbox (badness 10000) in paragraph at lines 800--820
\OT1/cmr/m/n/10 the past mil-len-nium.  \OT1/cmr/m/it/10 Na-ture Geo-science\OT
1/cmr/m/n/10 , \OT1/cmr/m/it/10 7\OT1/cmr/m/n/10 (4), 275{278.  Re-trieved from
 
 []


Underfull \hbox (badness 10000) in paragraph at lines 837--859
[]\OT1/cmr/m/n/10 Moffa-S^^Sanchez, P., Hall, I. R., Barker, S., Thor-nal-ley, 
D. J. R., & Yashayaev, I. 
 []


Underfull \hbox (badness 10000) in paragraph at lines 837--859
\OT1/cmr/m/n/10 (2014).  Sur-face changes in the east-ern labrador sea around t
he on-set of the 
 []


Underfull \hbox (badness 4792) in paragraph at lines 837--859
\OT1/cmr/m/n/10 lit-tle ice age.  \OT1/cmr/m/it/10 Pa-le-o-ceanog-ra-phy\OT1/cm
r/m/n/10 , \OT1/cmr/m/it/10 29\OT1/cmr/m/n/10 (3), 160-175.  Re-trieved from $\
OT1/cmtt/m/n/10 https :// 
 []


Underfull \hbox (badness 2460) in paragraph at lines 837--859
\OT1/cmtt/m/n/10 agupubs [] .onlinelibrary [] .wiley [] .com / doi / abs / 10 [
] .1002 / 2013PA002523$   \OT1/cmr/m/n/10 doi: 
 []


Underfull \hbox (badness 10000) in paragraph at lines 874--894
[]\OT1/cmr/m/n/10 Moreno-Chamarro, E., Zanchet-tin, D., Lohmann, K., & Jung-cla
us, J. H.  (2016, 
 []


Underfull \hbox (badness 6825) in paragraph at lines 874--894
\OT1/cmr/m/n/10 April).  An abrupt weak-en-ing of the sub-po-lar gyre as trig-g
er of lit-tle ice age- 
 []


Underfull \vbox (badness 1946) has occurred while \output is active []

 [15]
Underfull \hbox (badness 10000) in paragraph at lines 906--933
[]\OT1/cmr/m/n/10 Otto-Bliesner, B. L., Brady, E. C., Fa-sullo, J., Jahn, A., L
an-drum, L., Steven-son, 
 []


Underfull \hbox (badness 1990) in paragraph at lines 906--933
\OT1/cmr/m/n/10 S., ... Strand, G.  (2016).  Cli-mate vari-abil-ity and change 
since 850 CE: An 
 []


Underfull \hbox (badness 1127) in paragraph at lines 906--933
\OT1/cmr/m/n/10 en-sem-ble ap-proach with the Com-mu-nity Earth Sys-tem Model. 
 \OT1/cmr/m/it/10 Bul-letin of the 
 []


Underfull \hbox (badness 4378) in paragraph at lines 906--933
\OT1/cmr/m/it/10 Amer-i-can Me-te-o-ro-log-i-cal So-ci-ety\OT1/cmr/m/n/10 , \OT
1/cmr/m/it/10 97\OT1/cmr/m/n/10 (5), 735 - 754.  Re-trieved from $\OT1/cmtt/m/n
/10 https :// 
 []


Underfull \hbox (badness 10000) in paragraph at lines 906--933
\OT1/cmtt/m/n/10 journals [] .ametsoc [] .org / view / journals / bams / 97 / 5
 / bams [] -d [] -14 [] -00233 [] .1 [] .xml$ 
 []


Underfull \hbox (badness 1675) in paragraph at lines 945--962
\OT1/cmr/m/n/10 past two mil-len-nia.  \OT1/cmr/m/it/10 Na-ture Geo-science\OT1
/cmr/m/n/10 , \OT1/cmr/m/it/10 6\OT1/cmr/m/n/10 (5), 339--346.  (Ahmed, Moin-ud
-din 
 []


Underfull \hbox (badness 10000) in paragraph at lines 945--962
\OT1/cmr/m/n/10 and An-chukaitis, Kevin J and As-rat, As-fa-wossen and Bor-gaon
kar, He-mant P 
 []


Underfull \hbox (badness 10000) in paragraph at lines 945--962
\OT1/cmr/m/n/10 and Braida, Mar-tina and Buck-ley, Bren-dan M and B^^?untgen, U
lf and Chase, 
 []


Underfull \hbox (badness 10000) in paragraph at lines 974--997
[]\OT1/cmr/m/n/10 Rahmstorf, S., Box, J. E., Feul-ner, G., Mann, M. E., Robin-s
on, A., Ruther-ford, 
 []


Underfull \hbox (badness 2401) in paragraph at lines 974--997
\OT1/cmr/m/n/10 S., & Schaf-fer-nicht, E. J.  (2015, Mar).  Ex-cep-tional twent
ieth-century slow- 
 []


Underfull \hbox (badness 1038) in paragraph at lines 974--997
\OT1/cmr/m/n/10 down in at-lantic ocean over-turn-ing cir-cu-la-tion.  \OT1/cmr
/m/it/10 Na-ture Cli-mate Change\OT1/cmr/m/n/10 , \OT1/cmr/m/it/10 5\OT1/cmr/m/
n/10 (5), 
 []


Underfull \hbox (badness 3039) in paragraph at lines 1011--1030
\OT1/cmr/m/n/10 sub-po-lar North At-lantic Ocean as a pos-si-ble ori-gin of the
 Lit-tle Ice Age.  \OT1/cmr/m/it/10 Cli- 
 []


Underfull \hbox (badness 5217) in paragraph at lines 1011--1030
\OT1/cmr/m/it/10 mate of the Past\OT1/cmr/m/n/10 , \OT1/cmr/m/it/10 9\OT1/cmr/m
/n/10 (3), 1321--1330.  Re-trieved from $\OT1/cmtt/m/n/10 https :// cp [] .cope
rnicus [] 
 []


Underfull \hbox (badness 10000) in paragraph at lines 1042--1065
[]\OT1/cmr/m/n/10 Spooner, P. T., Thor-nal-ley, D. J. R., Oppo, D. W., Fox, A. 
D., Ra-dionovskaya, 
 []


Underfull \hbox (badness 4181) in paragraph at lines 1042--1065
\OT1/cmr/m/n/10 S., Rose, N. L., ... Roberts, J. M.  (2020, May).  Ex-cep-tiona
l 20th cen-tury 
 []


Underfull \hbox (badness 10000) in paragraph at lines 1042--1065
\OT1/cmr/m/n/10 ocean cir-cu-la-tion in the north-east at-lantic.  \OT1/cmr/m/i
t/10 Geo-phys-i-cal Re-search Let-ters\OT1/cmr/m/n/10 , 
 []


Underfull \hbox (badness 2671) in paragraph at lines 1042--1065
\OT1/cmr/m/it/10 47\OT1/cmr/m/n/10 (10).  Re-trieved from $\OT1/cmtt/m/n/10 htt
p :// dx [] .doi [] .org / 10 [] .1029 / 2020gl087577$   \OT1/cmr/m/n/10 doi: 
 []


Underfull \hbox (badness 6944) in paragraph at lines 1079--1097
[]\OT1/cmr/m/n/10 Steinhilber, F., Beer, J., & Fr^^?ohlich, C.  (2009, Oc-to-be
r).  To-tal so-lar ir-ra-di-ance 
 []


Underfull \hbox (badness 2698) in paragraph at lines 1079--1097
\OT1/cmr/m/n/10 dur-ing the holocene.  \OT1/cmr/m/it/10 Geo-phys-i-cal Re-searc
h Let-ters\OT1/cmr/m/n/10 , \OT1/cmr/m/it/10 36\OT1/cmr/m/n/10 (19).  Re-trieve
d from 
 []


Underfull \hbox (badness 10000) in paragraph at lines 1109--1132
[]\OT1/cmr/m/n/10 Thornalley, D. J. R., Oppo, D. W., Or-tega, P., Rob-son, J. I
., Brier-ley, C. M., Davis, 
 []


Underfull \hbox (badness 10000) in paragraph at lines 1109--1132
\OT1/cmr/m/n/10 tion and at-lantic over-turn-ing dur-ing the past 150 years.  \
OT1/cmr/m/it/10 Na-ture\OT1/cmr/m/n/10 , \OT1/cmr/m/it/10 556\OT1/cmr/m/n/10 (7
700), 
 []


Underfull \hbox (badness 4467) in paragraph at lines 1109--1132
\OT1/cmr/m/n/10 227{230.  Re-trieved from $\OT1/cmtt/m/n/10 http :// dx [] .doi
 [] .org / 10 [] .1038 / s41586 [] -018 [] -0007 [] -4$ 
 []


Underfull \hbox (badness 10000) in paragraph at lines 1144--1168
[]\OT1/cmr/m/n/10 Zhong, Y., Miller, G. H., Otto-Bliesner, B. L., Hol-land, M. 
M., Bai-ley, D. A., 
 []


Underfull \hbox (badness 10000) in paragraph at lines 1144--1168
\OT1/cmr/m/n/10 Schnei-der, D. P., & Geirs-dot-tir, A.  (2010, De-cem-ber).  Ce
ntennial-scale 
 []


Underfull \hbox (badness 10000) in paragraph at lines 1144--1168
\OT1/cmr/m/n/10 cli-mate change from decadally-paced ex-plo-sive vol-can-ism: a
 cou-pled sea 
 []


Underfull \hbox (badness 10000) in paragraph at lines 1144--1168
\OT1/cmr/m/n/10 ice-ocean mech-a-nism.  \OT1/cmr/m/it/10 Cli-mate Dy-nam-ics\OT
1/cmr/m/n/10 , \OT1/cmr/m/it/10 37\OT1/cmr/m/n/10 (11{12), 2373{2387.  Re- 
 []


Underfull \hbox (badness 10000) in paragraph at lines 1144--1168
\OT1/cmr/m/n/10 trieved from $\OT1/cmtt/m/n/10 http :// dx [] .doi [] .org / 10
 [] .1007 / s00382 [] -010 [] -0967 [] -z$   \OT1/cmr/m/n/10 doi: 
 []

) [16] (./Hamilton2024.aux)

LaTeX Font Warning: Size substitutions with differences
(Font)              up to 0.45pt have occurred.


LaTeX Warning: There were undefined references.

 ) 
Here is how much of TeX's memory you used:
 4074 strings out of 480247
 65605 string characters out of 5896151
 377137 words of memory out of 5000000
 21952 multiletter control sequences out of 15000+600000
 477708 words of font info for 58 fonts, out of 8000000 for 9000
 20 hyphenation exceptions out of 8191
 70i,8n,76p,1417b,331s stack positions out of 5000i,500n,10000p,200000b,80000s
</usr/share/texlive/texmf-dist/fonts/type1/public/amsfonts/cm/cmbx10.pfb></us
r/share/texlive/texmf-dist/fonts/type1/public/amsfonts/cm/cmbx12.pfb></usr/shar
e/texlive/texmf-dist/fonts/type1/public/amsfonts/cm/cmbx7.pfb></usr/share/texli
ve/texmf-dist/fonts/type1/public/amsfonts/cm/cmbx9.pfb></usr/share/texlive/texm
f-dist/fonts/type1/public/amsfonts/cm/cmex10.pfb></usr/share/texlive/texmf-dist
/fonts/type1/public/amsfonts/cm/cmmi10.pfb></usr/share/texlive/texmf-dist/fonts
/type1/public/amsfonts/cm/cmmi6.pfb></usr/share/texlive/texmf-dist/fonts/type1/
public/amsfonts/cm/cmmi7.pfb></usr/share/texlive/texmf-dist/fonts/type1/public/
amsfonts/cm/cmmi9.pfb></usr/share/texlive/texmf-dist/fonts/type1/public/amsfont
s/cm/cmr10.pfb></usr/share/texlive/texmf-dist/fonts/type1/public/amsfonts/cm/cm
r6.pfb></usr/share/texlive/texmf-dist/fonts/type1/public/amsfonts/cm/cmr7.pfb><
/usr/share/texlive/texmf-dist/fonts/type1/public/amsfonts/cm/cmr8.pfb></usr/sha
re/texlive/texmf-dist/fonts/type1/public/amsfonts/cm/cmr9.pfb></usr/share/texli
ve/texmf-dist/fonts/type1/public/amsfonts/cm/cmss8.pfb></usr/share/texlive/texm
f-dist/fonts/type1/public/amsfonts/cm/cmsy10.pfb></usr/share/texlive/texmf-dist
/fonts/type1/public/amsfonts/cm/cmsy5.pfb></usr/share/texlive/texmf-dist/fonts/
type1/public/amsfonts/cm/cmsy6.pfb></usr/share/texlive/texmf-dist/fonts/type1/p
ublic/amsfonts/cm/cmsy7.pfb></usr/share/texlive/texmf-dist/fonts/type1/public/a
msfonts/cm/cmsy9.pfb></usr/share/texlive/texmf-dist/fonts/type1/public/amsfonts
/cm/cmti10.pfb></usr/share/texlive/texmf-dist/fonts/type1/public/amsfonts/cm/cm
ti9.pfb></usr/share/texlive/texmf-dist/fonts/type1/public/amsfonts/cm/cmtt10.pf
b></usr/share/texlive/texmf-dist/fonts/type1/public/amsfonts/cm/cmtt9.pfb></usr
/share/texlive/texmf-dist/fonts/type1/public/wasy-type1/wasy10.pfb></usr/share/
texlive/texmf-dist/fonts/type1/public/wasy-type1/wasy9.pfb>
Output written on Hamilton2024.pdf (16 pages, 1145228 bytes).
PDF statistics:
 204 PDF objects out of 1000 (max. 8388607)
 116 compressed objects within 2 object streams
 0 named destinations out of 1000 (max. 500000)
 41 words of extra memory for PDF output out of 10000 (max. 10000000)

